Connecting to database specified by database.yml
  [1m[36m (145.2ms)[0m  [1mCREATE TABLE "schema_migrations" ("version" character varying(255) NOT NULL) [0m
  [1m[35m (104.3ms)[0m   SELECT distinct i.relname, d.indisunique, d.indkey, pg_get_indexdef(d.indexrelid), t.oid
 FROM pg_class t
 INNER JOIN pg_index d ON t.oid = d.indrelid
 INNER JOIN pg_class i ON d.indexrelid = i.oid
 WHERE i.relkind = 'i'
 AND d.indisprimary = 'f'
 AND t.relname = 'schema_migrations'
 AND i.relnamespace IN (SELECT oid FROM pg_namespace WHERE nspname = ANY (current_schemas(false)) )
 ORDER BY i.relname

  [1m[36m (28.2ms)[0m  [1mCREATE UNIQUE INDEX "unique_schema_migrations" ON "schema_migrations" ("version")[0m
  [1m[35m (1.1ms)[0m  SELECT "schema_migrations"."version" FROM "schema_migrations" 


Started GET "/assets/rails.png" for 127.0.0.1 at 2012-08-13 17:37:40 -0700
Connecting to database specified by database.yml
Served asset /rails.png - 304 Not Modified (5ms)
Connecting to database specified by database.yml
Connecting to database specified by database.yml
Connecting to database specified by database.yml
Connecting to database specified by database.yml
  [1m[36m (156.0ms)[0m  [1mCREATE TABLE "schema_migrations" ("version" character varying(255) NOT NULL) [0m
  [1m[35m (57.8ms)[0m   SELECT distinct i.relname, d.indisunique, d.indkey, pg_get_indexdef(d.indexrelid), t.oid
 FROM pg_class t
 INNER JOIN pg_index d ON t.oid = d.indrelid
 INNER JOIN pg_class i ON d.indexrelid = i.oid
 WHERE i.relkind = 'i'
 AND d.indisprimary = 'f'
 AND t.relname = 'schema_migrations'
 AND i.relnamespace IN (SELECT oid FROM pg_namespace WHERE nspname = ANY (current_schemas(false)) )
 ORDER BY i.relname

  [1m[36m (23.6ms)[0m  [1mCREATE UNIQUE INDEX "unique_schema_migrations" ON "schema_migrations" ("version")[0m
  [1m[35m (0.9ms)[0m  SELECT "schema_migrations"."version" FROM "schema_migrations" 
Migrating to DeviseCreateProblems (20120814005216)
  [1m[36m (0.3ms)[0m  [1mBEGIN[0m
  [1m[35m (67.9ms)[0m  CREATE TABLE "problems" ("id" serial primary key, "email" character varying(255) DEFAULT '' NOT NULL, "encrypted_password" character varying(255) DEFAULT '' NOT NULL, "reset_password_token" character varying(255), "reset_password_sent_at" timestamp, "remember_created_at" timestamp, "sign_in_count" integer DEFAULT 0, "current_sign_in_at" timestamp, "last_sign_in_at" timestamp, "current_sign_in_ip" character varying(255), "last_sign_in_ip" character varying(255), "created_at" timestamp NOT NULL, "updated_at" timestamp NOT NULL) 
  [1m[36m (1.4ms)[0m  [1m SELECT distinct i.relname, d.indisunique, d.indkey, pg_get_indexdef(d.indexrelid), t.oid
 FROM pg_class t
 INNER JOIN pg_index d ON t.oid = d.indrelid
 INNER JOIN pg_class i ON d.indexrelid = i.oid
 WHERE i.relkind = 'i'
 AND d.indisprimary = 'f'
 AND t.relname = 'problems'
 AND i.relnamespace IN (SELECT oid FROM pg_namespace WHERE nspname = ANY (current_schemas(false)) )
 ORDER BY i.relname
[0m
  [1m[35m (14.8ms)[0m  CREATE UNIQUE INDEX "index_problems_on_email" ON "problems" ("email")
  [1m[36m (1.7ms)[0m  [1m SELECT distinct i.relname, d.indisunique, d.indkey, pg_get_indexdef(d.indexrelid), t.oid
 FROM pg_class t
 INNER JOIN pg_index d ON t.oid = d.indrelid
 INNER JOIN pg_class i ON d.indexrelid = i.oid
 WHERE i.relkind = 'i'
 AND d.indisprimary = 'f'
 AND t.relname = 'problems'
 AND i.relnamespace IN (SELECT oid FROM pg_namespace WHERE nspname = ANY (current_schemas(false)) )
 ORDER BY i.relname
[0m
  [1m[35mColumns for index index_problems_on_email on problems (0.6ms)[0m   SELECT a.attnum, a.attname
 FROM pg_attribute a
 WHERE a.attrelid = 16746
 AND a.attnum IN (2)

  [1m[36m (1.2ms)[0m  [1mCREATE UNIQUE INDEX "index_problems_on_reset_password_token" ON "problems" ("reset_password_token")[0m
  [1m[35m (0.6ms)[0m  INSERT INTO "schema_migrations" ("version") VALUES ('20120814005216')
  [1m[36m (1.2ms)[0m  [1mCOMMIT[0m
  [1m[35m (0.6ms)[0m  SELECT "schema_migrations"."version" FROM "schema_migrations" 
  [1m[36mPK and serial sequence (25.1ms)[0m  [1m SELECT attr.attname, seq.relname
 FROM pg_class seq,
 pg_attribute attr,
 pg_depend dep,
 pg_namespace name,
 pg_constraint cons
 WHERE seq.oid = dep.objid
 AND seq.relkind = 'S'
 AND attr.attrelid = dep.refobjid
 AND attr.attnum = dep.refobjsubid
 AND attr.attrelid = cons.conrelid
 AND attr.attnum = cons.conkey[1]
 AND cons.contype = 'p'
 AND dep.refobjid = '"problems"'::regclass
[0m
  [1m[35m (2.2ms)[0m   SELECT distinct i.relname, d.indisunique, d.indkey, pg_get_indexdef(d.indexrelid), t.oid
 FROM pg_class t
 INNER JOIN pg_index d ON t.oid = d.indrelid
 INNER JOIN pg_class i ON d.indexrelid = i.oid
 WHERE i.relkind = 'i'
 AND d.indisprimary = 'f'
 AND t.relname = 'problems'
 AND i.relnamespace IN (SELECT oid FROM pg_namespace WHERE nspname = ANY (current_schemas(false)) )
 ORDER BY i.relname

  [1m[36mColumns for index index_problems_on_email on problems (0.5ms)[0m  [1m SELECT a.attnum, a.attname
 FROM pg_attribute a
 WHERE a.attrelid = 16746
 AND a.attnum IN (2)
[0m
  [1m[35mColumns for index index_problems_on_reset_password_token on problems (0.3ms)[0m   SELECT a.attnum, a.attname
 FROM pg_attribute a
 WHERE a.attrelid = 16746
 AND a.attnum IN (4)

Connecting to database specified by database.yml
Connecting to database specified by database.yml
Connecting to database specified by database.yml


Started GET "/" for 127.0.0.1 at 2012-08-13 17:55:07 -0700
Processing by ProblemsController#index as HTML
  Rendered problems/index.html.erb within layouts/application (4.1ms)
Compiled problems.css  (52ms)  (pid 25535)
Compiled application.css  (62ms)  (pid 25535)
Compiled jquery.js  (24ms)  (pid 25535)
Compiled jquery_ujs.js  (0ms)  (pid 25535)
Compiled problems.js  (118ms)  (pid 25535)
Compiled application.js  (202ms)  (pid 25535)
Completed 200 OK in 470ms (Views: 469.0ms | ActiveRecord: 0.0ms)


Started GET "/assets/application.css?body=1" for 127.0.0.1 at 2012-08-13 17:55:08 -0700
Served asset /application.css - 200 OK (22ms)


Started GET "/assets/application.js?body=1" for 127.0.0.1 at 2012-08-13 17:55:08 -0700
Served asset /application.js - 200 OK (9ms)


Started GET "/assets/problems.css?body=1" for 127.0.0.1 at 2012-08-13 17:55:08 -0700
Served asset /problems.css - 200 OK (1ms)


Started GET "/assets/jquery_ujs.js?body=1" for 127.0.0.1 at 2012-08-13 17:55:08 -0700
Served asset /jquery_ujs.js - 200 OK (1ms)


Started GET "/assets/problems.js?body=1" for 127.0.0.1 at 2012-08-13 17:55:08 -0700
Served asset /problems.js - 200 OK (1ms)


Started GET "/assets/jquery.js?body=1" for 127.0.0.1 at 2012-08-13 17:55:08 -0700
Served asset /jquery.js - 200 OK (2ms)


Started GET "/sign_up" for 127.0.0.1 at 2012-08-13 17:55:20 -0700

ActionController::RoutingError (No route matches [GET] "/sign_up"):
  actionpack (3.2.6) lib/action_dispatch/middleware/debug_exceptions.rb:21:in `call'
  actionpack (3.2.6) lib/action_dispatch/middleware/show_exceptions.rb:56:in `call'
  railties (3.2.6) lib/rails/rack/logger.rb:26:in `call_app'
  railties (3.2.6) lib/rails/rack/logger.rb:16:in `call'
  actionpack (3.2.6) lib/action_dispatch/middleware/request_id.rb:22:in `call'
  rack (1.4.1) lib/rack/methodoverride.rb:21:in `call'
  rack (1.4.1) lib/rack/runtime.rb:17:in `call'
  activesupport (3.2.6) lib/active_support/cache/strategy/local_cache.rb:72:in `call'
  rack (1.4.1) lib/rack/lock.rb:15:in `call'
  actionpack (3.2.6) lib/action_dispatch/middleware/static.rb:62:in `call'
  railties (3.2.6) lib/rails/engine.rb:479:in `call'
  railties (3.2.6) lib/rails/application.rb:220:in `call'
  rack (1.4.1) lib/rack/content_length.rb:14:in `call'
  railties (3.2.6) lib/rails/rack/log_tailer.rb:17:in `call'
  rack (1.4.1) lib/rack/handler/webrick.rb:59:in `service'
  /Users/apprentice/.rvm/rubies/ruby-1.9.3-p194/lib/ruby/1.9.1/webrick/httpserver.rb:138:in `service'
  /Users/apprentice/.rvm/rubies/ruby-1.9.3-p194/lib/ruby/1.9.1/webrick/httpserver.rb:94:in `run'
  /Users/apprentice/.rvm/rubies/ruby-1.9.3-p194/lib/ruby/1.9.1/webrick/server.rb:191:in `block in start_thread'


  Rendered /Users/apprentice/.rvm/gems/ruby-1.9.3-p194@rankforme/gems/actionpack-3.2.6/lib/action_dispatch/middleware/templates/rescues/routing_error.erb within rescues/layout (1.1ms)


Started GET "/sign_in" for 127.0.0.1 at 2012-08-13 17:55:26 -0700

ActionController::RoutingError (No route matches [GET] "/sign_in"):
  actionpack (3.2.6) lib/action_dispatch/middleware/debug_exceptions.rb:21:in `call'
  actionpack (3.2.6) lib/action_dispatch/middleware/show_exceptions.rb:56:in `call'
  railties (3.2.6) lib/rails/rack/logger.rb:26:in `call_app'
  railties (3.2.6) lib/rails/rack/logger.rb:16:in `call'
  actionpack (3.2.6) lib/action_dispatch/middleware/request_id.rb:22:in `call'
  rack (1.4.1) lib/rack/methodoverride.rb:21:in `call'
  rack (1.4.1) lib/rack/runtime.rb:17:in `call'
  activesupport (3.2.6) lib/active_support/cache/strategy/local_cache.rb:72:in `call'
  rack (1.4.1) lib/rack/lock.rb:15:in `call'
  actionpack (3.2.6) lib/action_dispatch/middleware/static.rb:62:in `call'
  railties (3.2.6) lib/rails/engine.rb:479:in `call'
  railties (3.2.6) lib/rails/application.rb:220:in `call'
  rack (1.4.1) lib/rack/content_length.rb:14:in `call'
  railties (3.2.6) lib/rails/rack/log_tailer.rb:17:in `call'
  rack (1.4.1) lib/rack/handler/webrick.rb:59:in `service'
  /Users/apprentice/.rvm/rubies/ruby-1.9.3-p194/lib/ruby/1.9.1/webrick/httpserver.rb:138:in `service'
  /Users/apprentice/.rvm/rubies/ruby-1.9.3-p194/lib/ruby/1.9.1/webrick/httpserver.rb:94:in `run'
  /Users/apprentice/.rvm/rubies/ruby-1.9.3-p194/lib/ruby/1.9.1/webrick/server.rb:191:in `block in start_thread'


  Rendered /Users/apprentice/.rvm/gems/ruby-1.9.3-p194@rankforme/gems/actionpack-3.2.6/lib/action_dispatch/middleware/templates/rescues/routing_error.erb within rescues/layout (0.6ms)
Connecting to database specified by database.yml


Started GET "/problems/sign_in" for 127.0.0.1 at 2012-08-13 17:55:54 -0700
Processing by Devise::SessionsController#new as HTML
  Rendered /Users/apprentice/.rvm/gems/ruby-1.9.3-p194@rankforme/gems/devise-2.1.2/app/views/devise/shared/_links.erb (1.6ms)
  Rendered /Users/apprentice/.rvm/gems/ruby-1.9.3-p194@rankforme/gems/devise-2.1.2/app/views/devise/sessions/new.html.erb within layouts/application (114.3ms)
Completed 200 OK in 346ms (Views: 132.6ms | ActiveRecord: 157.7ms)


Started GET "/assets/problems.css?body=1" for 127.0.0.1 at 2012-08-13 17:55:55 -0700
Served asset /problems.css - 304 Not Modified (0ms)


Started GET "/assets/problems.js?body=1" for 127.0.0.1 at 2012-08-13 17:55:55 -0700
Served asset /problems.js - 304 Not Modified (0ms)


Started GET "/problems/sign_up" for 127.0.0.1 at 2012-08-13 17:56:15 -0700
Processing by Devise::RegistrationsController#new as HTML
  Rendered /Users/apprentice/.rvm/gems/ruby-1.9.3-p194@rankforme/gems/devise-2.1.2/app/views/devise/shared/_links.erb (0.6ms)
  Rendered /Users/apprentice/.rvm/gems/ruby-1.9.3-p194@rankforme/gems/devise-2.1.2/app/views/devise/registrations/new.html.erb within layouts/application (4.2ms)
Completed 200 OK in 11ms (Views: 10.2ms | ActiveRecord: 0.0ms)


Started GET "/assets/problems.css?body=1" for 127.0.0.1 at 2012-08-13 17:56:15 -0700
Served asset /problems.css - 304 Not Modified (0ms)


Started GET "/assets/problems.js?body=1" for 127.0.0.1 at 2012-08-13 17:56:15 -0700
Served asset /problems.js - 304 Not Modified (0ms)


Started POST "/problems" for 127.0.0.1 at 2012-08-13 17:56:23 -0700
Processing by Devise::RegistrationsController#create as HTML
  Parameters: {"utf8"=>"✓", "authenticity_token"=>"t5/Y1oVcRD32iHr+uCsD3OkASKoOBxs/uMlG4M/rRZQ=", "problem"=>{"email"=>"maryzhu@gmail.com", "password"=>"[FILTERED]", "password_confirmation"=>"[FILTERED]"}, "commit"=>"Sign up"}
  [1m[36m (0.2ms)[0m  [1mBEGIN[0m
  [1m[35mProblem Exists (37.4ms)[0m  SELECT 1 AS one FROM "problems" WHERE "problems"."email" = 'maryzhu@gmail.com' LIMIT 1
  [1m[36mSQL (46.9ms)[0m  [1mINSERT INTO "problems" ("created_at", "current_sign_in_at", "current_sign_in_ip", "email", "encrypted_password", "last_sign_in_at", "last_sign_in_ip", "remember_created_at", "reset_password_sent_at", "reset_password_token", "sign_in_count", "updated_at") VALUES ($1, $2, $3, $4, $5, $6, $7, $8, $9, $10, $11, $12) RETURNING "id"[0m  [["created_at", Tue, 14 Aug 2012 00:56:23 UTC +00:00], ["current_sign_in_at", nil], ["current_sign_in_ip", nil], ["email", "maryzhu@gmail.com"], ["encrypted_password", "$2a$10$didLhOcBnDjQ4h9taG9QSu3mQDZ2ib0IUCK0823GWCuIAJ1M1D4QW"], ["last_sign_in_at", nil], ["last_sign_in_ip", nil], ["remember_created_at", nil], ["reset_password_sent_at", nil], ["reset_password_token", nil], ["sign_in_count", 0], ["updated_at", Tue, 14 Aug 2012 00:56:23 UTC +00:00]]
  [1m[35m (14.4ms)[0m  COMMIT
  [1m[36m (0.3ms)[0m  [1mBEGIN[0m
  [1m[35m (28.2ms)[0m  UPDATE "problems" SET "last_sign_in_at" = '2012-08-14 00:56:24.008715', "current_sign_in_at" = '2012-08-14 00:56:24.008715', "last_sign_in_ip" = '127.0.0.1', "current_sign_in_ip" = '127.0.0.1', "sign_in_count" = 1, "updated_at" = '2012-08-14 00:56:24.009731' WHERE "problems"."id" = 1
  [1m[36m (0.7ms)[0m  [1mCOMMIT[0m
Redirected to http://localhost:3000/
Completed 302 Found in 302ms (ActiveRecord: 0.0ms)


Started GET "/" for 127.0.0.1 at 2012-08-13 17:56:24 -0700
Processing by ProblemsController#index as HTML
  Rendered problems/index.html.erb within layouts/application (0.0ms)
Completed 200 OK in 5ms (Views: 4.5ms | ActiveRecord: 0.0ms)


Started GET "/assets/problems.css?body=1" for 127.0.0.1 at 2012-08-13 17:56:24 -0700
Served asset /problems.css - 304 Not Modified (0ms)


Started GET "/assets/problems.js?body=1" for 127.0.0.1 at 2012-08-13 17:56:24 -0700
Served asset /problems.js - 304 Not Modified (0ms)


Started GET "/problems/sign_in" for 127.0.0.1 at 2012-08-13 17:56:32 -0700
Processing by Devise::SessionsController#new as HTML
  [1m[35mProblem Load (0.6ms)[0m  SELECT "problems".* FROM "problems" WHERE "problems"."id" = 1 LIMIT 1
Redirected to http://localhost:3000/
Filter chain halted as :require_no_authentication rendered or redirected
Completed 302 Found in 23ms (ActiveRecord: 0.6ms)


Started GET "/" for 127.0.0.1 at 2012-08-13 17:56:32 -0700
Processing by ProblemsController#index as HTML
  Rendered problems/index.html.erb within layouts/application (0.0ms)
Completed 200 OK in 4ms (Views: 4.0ms | ActiveRecord: 0.0ms)


Started GET "/assets/problems.css?body=1" for 127.0.0.1 at 2012-08-13 17:56:32 -0700
Served asset /problems.css - 304 Not Modified (0ms)


Started GET "/assets/problems.js?body=1" for 127.0.0.1 at 2012-08-13 17:56:32 -0700
Served asset /problems.js - 304 Not Modified (0ms)


Started GET "/problems/sign_out" for 127.0.0.1 at 2012-08-13 17:56:39 -0700

ActionController::RoutingError (No route matches [GET] "/problems/sign_out"):
  actionpack (3.2.6) lib/action_dispatch/middleware/debug_exceptions.rb:21:in `call'
  actionpack (3.2.6) lib/action_dispatch/middleware/show_exceptions.rb:56:in `call'
  railties (3.2.6) lib/rails/rack/logger.rb:26:in `call_app'
  railties (3.2.6) lib/rails/rack/logger.rb:16:in `call'
  actionpack (3.2.6) lib/action_dispatch/middleware/request_id.rb:22:in `call'
  rack (1.4.1) lib/rack/methodoverride.rb:21:in `call'
  rack (1.4.1) lib/rack/runtime.rb:17:in `call'
  activesupport (3.2.6) lib/active_support/cache/strategy/local_cache.rb:72:in `call'
  rack (1.4.1) lib/rack/lock.rb:15:in `call'
  actionpack (3.2.6) lib/action_dispatch/middleware/static.rb:62:in `call'
  railties (3.2.6) lib/rails/engine.rb:479:in `call'
  railties (3.2.6) lib/rails/application.rb:220:in `call'
  rack (1.4.1) lib/rack/content_length.rb:14:in `call'
  railties (3.2.6) lib/rails/rack/log_tailer.rb:17:in `call'
  rack (1.4.1) lib/rack/handler/webrick.rb:59:in `service'
  /Users/apprentice/.rvm/rubies/ruby-1.9.3-p194/lib/ruby/1.9.1/webrick/httpserver.rb:138:in `service'
  /Users/apprentice/.rvm/rubies/ruby-1.9.3-p194/lib/ruby/1.9.1/webrick/httpserver.rb:94:in `run'
  /Users/apprentice/.rvm/rubies/ruby-1.9.3-p194/lib/ruby/1.9.1/webrick/server.rb:191:in `block in start_thread'


  Rendered /Users/apprentice/.rvm/gems/ruby-1.9.3-p194@rankforme/gems/actionpack-3.2.6/lib/action_dispatch/middleware/templates/rescues/routing_error.erb within rescues/layout (0.8ms)


Started GET "/problems/sign_in" for 127.0.0.1 at 2012-08-13 17:56:46 -0700
Processing by Devise::SessionsController#new as HTML
  [1m[36mProblem Load (0.6ms)[0m  [1mSELECT "problems".* FROM "problems" WHERE "problems"."id" = 1 LIMIT 1[0m
Redirected to http://localhost:3000/
Filter chain halted as :require_no_authentication rendered or redirected
Completed 302 Found in 2ms (ActiveRecord: 0.6ms)


Started GET "/" for 127.0.0.1 at 2012-08-13 17:56:46 -0700
Processing by ProblemsController#index as HTML
  Rendered problems/index.html.erb within layouts/application (0.0ms)
Completed 200 OK in 4ms (Views: 3.9ms | ActiveRecord: 0.0ms)


Started GET "/assets/problems.css?body=1" for 127.0.0.1 at 2012-08-13 17:56:46 -0700
Served asset /problems.css - 304 Not Modified (0ms)


Started GET "/assets/problems.js?body=1" for 127.0.0.1 at 2012-08-13 17:56:46 -0700
Served asset /problems.js - 304 Not Modified (0ms)


Started GET "/problems/sign_out/1" for 127.0.0.1 at 2012-08-13 17:56:59 -0700

ActionController::RoutingError (No route matches [GET] "/problems/sign_out/1"):
  actionpack (3.2.6) lib/action_dispatch/middleware/debug_exceptions.rb:21:in `call'
  actionpack (3.2.6) lib/action_dispatch/middleware/show_exceptions.rb:56:in `call'
  railties (3.2.6) lib/rails/rack/logger.rb:26:in `call_app'
  railties (3.2.6) lib/rails/rack/logger.rb:16:in `call'
  actionpack (3.2.6) lib/action_dispatch/middleware/request_id.rb:22:in `call'
  rack (1.4.1) lib/rack/methodoverride.rb:21:in `call'
  rack (1.4.1) lib/rack/runtime.rb:17:in `call'
  activesupport (3.2.6) lib/active_support/cache/strategy/local_cache.rb:72:in `call'
  rack (1.4.1) lib/rack/lock.rb:15:in `call'
  actionpack (3.2.6) lib/action_dispatch/middleware/static.rb:62:in `call'
  railties (3.2.6) lib/rails/engine.rb:479:in `call'
  railties (3.2.6) lib/rails/application.rb:220:in `call'
  rack (1.4.1) lib/rack/content_length.rb:14:in `call'
  railties (3.2.6) lib/rails/rack/log_tailer.rb:17:in `call'
  rack (1.4.1) lib/rack/handler/webrick.rb:59:in `service'
  /Users/apprentice/.rvm/rubies/ruby-1.9.3-p194/lib/ruby/1.9.1/webrick/httpserver.rb:138:in `service'
  /Users/apprentice/.rvm/rubies/ruby-1.9.3-p194/lib/ruby/1.9.1/webrick/httpserver.rb:94:in `run'
  /Users/apprentice/.rvm/rubies/ruby-1.9.3-p194/lib/ruby/1.9.1/webrick/server.rb:191:in `block in start_thread'


  Rendered /Users/apprentice/.rvm/gems/ruby-1.9.3-p194@rankforme/gems/actionpack-3.2.6/lib/action_dispatch/middleware/templates/rescues/routing_error.erb within rescues/layout (0.6ms)
Connecting to database specified by database.yml
Connecting to database specified by database.yml
Connecting to database specified by database.yml
Connecting to database specified by database.yml


Started GET "/" for 127.0.0.1 at 2012-08-13 18:10:04 -0700
Processing by ProblemsController#index as HTML
  Rendered problems/index.html.erb within layouts/application (3.3ms)
Compiled bootstrap_and_overrides.css  (760ms)  (pid 26220)
Compiled application.css  (803ms)  (pid 26220)
Compiled twitter/bootstrap/bootstrap-transition.js  (0ms)  (pid 26220)
Compiled twitter/bootstrap/bootstrap-alert.js  (0ms)  (pid 26220)
Compiled twitter/bootstrap/bootstrap-modal.js  (0ms)  (pid 26220)
Compiled twitter/bootstrap/bootstrap-dropdown.js  (0ms)  (pid 26220)
Compiled twitter/bootstrap/bootstrap-scrollspy.js  (0ms)  (pid 26220)
Compiled twitter/bootstrap/bootstrap-tab.js  (0ms)  (pid 26220)
Compiled twitter/bootstrap/bootstrap-tooltip.js  (0ms)  (pid 26220)
Compiled twitter/bootstrap/bootstrap-popover.js  (0ms)  (pid 26220)
Compiled twitter/bootstrap/bootstrap-button.js  (0ms)  (pid 26220)
Compiled twitter/bootstrap/bootstrap-collapse.js  (0ms)  (pid 26220)
Compiled twitter/bootstrap/bootstrap-carousel.js  (0ms)  (pid 26220)
Compiled twitter/bootstrap/bootstrap-typeahead.js  (0ms)  (pid 26220)
Compiled twitter/bootstrap.js  (215ms)  (pid 26220)
Compiled bootstrap.js  (79ms)  (pid 26220)
Compiled application.js  (323ms)  (pid 26220)
Completed 200 OK in 1360ms (Views: 1359.4ms | ActiveRecord: 0.0ms)


Started GET "/assets/application.css?body=1" for 127.0.0.1 at 2012-08-13 18:10:06 -0700
Served asset /application.css - 304 Not Modified (43ms)


Started GET "/assets/bootstrap_and_overrides.css?body=1" for 127.0.0.1 at 2012-08-13 18:10:06 -0700
Served asset /bootstrap_and_overrides.css - 200 OK (3ms)


Started GET "/assets/twitter/bootstrap/bootstrap-transition.js?body=1" for 127.0.0.1 at 2012-08-13 18:10:06 -0700
Served asset /twitter/bootstrap/bootstrap-transition.js - 200 OK (3ms)


Started GET "/assets/problems.css?body=1" for 127.0.0.1 at 2012-08-13 18:10:06 -0700
Served asset /problems.css - 304 Not Modified (3ms)


Started GET "/assets/twitter/bootstrap/bootstrap-alert.js?body=1" for 127.0.0.1 at 2012-08-13 18:10:06 -0700
Served asset /twitter/bootstrap/bootstrap-alert.js - 200 OK (3ms)


Started GET "/assets/twitter/bootstrap/bootstrap-modal.js?body=1" for 127.0.0.1 at 2012-08-13 18:10:06 -0700
Served asset /twitter/bootstrap/bootstrap-modal.js - 200 OK (3ms)


Started GET "/assets/twitter/bootstrap/bootstrap-dropdown.js?body=1" for 127.0.0.1 at 2012-08-13 18:10:06 -0700
Served asset /twitter/bootstrap/bootstrap-dropdown.js - 200 OK (4ms)


Started GET "/assets/twitter/bootstrap/bootstrap-tab.js?body=1" for 127.0.0.1 at 2012-08-13 18:10:06 -0700
Served asset /twitter/bootstrap/bootstrap-tab.js - 200 OK (4ms)


Started GET "/assets/twitter/bootstrap/bootstrap-scrollspy.js?body=1" for 127.0.0.1 at 2012-08-13 18:10:06 -0700
Served asset /twitter/bootstrap/bootstrap-scrollspy.js - 200 OK (4ms)


Started GET "/assets/twitter/bootstrap/bootstrap-popover.js?body=1" for 127.0.0.1 at 2012-08-13 18:10:06 -0700
Served asset /twitter/bootstrap/bootstrap-popover.js - 200 OK (6ms)


Started GET "/assets/twitter/bootstrap/bootstrap-tooltip.js?body=1" for 127.0.0.1 at 2012-08-13 18:10:06 -0700
Served asset /twitter/bootstrap/bootstrap-tooltip.js - 200 OK (3ms)


Started GET "/assets/twitter/bootstrap/bootstrap-button.js?body=1" for 127.0.0.1 at 2012-08-13 18:10:06 -0700
Served asset /twitter/bootstrap/bootstrap-button.js - 200 OK (4ms)


Started GET "/assets/twitter/bootstrap/bootstrap-collapse.js?body=1" for 127.0.0.1 at 2012-08-13 18:10:06 -0700
Served asset /twitter/bootstrap/bootstrap-collapse.js - 200 OK (6ms)


Started GET "/assets/twitter/bootstrap/bootstrap-carousel.js?body=1" for 127.0.0.1 at 2012-08-13 18:10:06 -0700
Served asset /twitter/bootstrap/bootstrap-carousel.js - 200 OK (2ms)


Started GET "/assets/twitter/bootstrap/bootstrap-typeahead.js?body=1" for 127.0.0.1 at 2012-08-13 18:10:06 -0700
Served asset /twitter/bootstrap/bootstrap-typeahead.js - 200 OK (4ms)


Started GET "/assets/twitter/bootstrap.js?body=1" for 127.0.0.1 at 2012-08-13 18:10:06 -0700
Served asset /twitter/bootstrap.js - 200 OK (10ms)


Started GET "/assets/bootstrap.js?body=1" for 127.0.0.1 at 2012-08-13 18:10:06 -0700
Served asset /bootstrap.js - 200 OK (1ms)


Started GET "/assets/problems.js?body=1" for 127.0.0.1 at 2012-08-13 18:10:06 -0700
Served asset /problems.js - 304 Not Modified (1ms)


Started GET "/assets/application.js?body=1" for 127.0.0.1 at 2012-08-13 18:10:06 -0700
Served asset /application.js - 200 OK (49ms)


Started GET "/problems/sign_in" for 127.0.0.1 at 2012-08-13 18:10:19 -0700
Processing by Devise::SessionsController#new as HTML
  [1m[36mProblem Load (7.6ms)[0m  [1mSELECT "problems".* FROM "problems" WHERE "problems"."id" = 1 LIMIT 1[0m
Redirected to http://localhost:3000/
Filter chain halted as :require_no_authentication rendered or redirected
Completed 302 Found in 407ms (ActiveRecord: 202.0ms)


Started GET "/" for 127.0.0.1 at 2012-08-13 18:10:20 -0700
Processing by ProblemsController#index as HTML
  Rendered problems/index.html.erb within layouts/application (0.0ms)
Completed 200 OK in 11ms (Views: 10.4ms | ActiveRecord: 0.0ms)


Started GET "/assets/application.css?body=1" for 127.0.0.1 at 2012-08-13 18:10:20 -0700
Served asset /application.css - 304 Not Modified (5ms)


Started GET "/assets/bootstrap_and_overrides.css?body=1" for 127.0.0.1 at 2012-08-13 18:10:20 -0700
Served asset /bootstrap_and_overrides.css - 304 Not Modified (0ms)


Started GET "/assets/problems.css?body=1" for 127.0.0.1 at 2012-08-13 18:10:20 -0700
Served asset /problems.css - 304 Not Modified (0ms)


Started GET "/assets/twitter/bootstrap/bootstrap-transition.js?body=1" for 127.0.0.1 at 2012-08-13 18:10:20 -0700
Served asset /twitter/bootstrap/bootstrap-transition.js - 304 Not Modified (0ms)


Started GET "/assets/jquery.js?body=1" for 127.0.0.1 at 2012-08-13 18:10:20 -0700
Served asset /jquery.js - 304 Not Modified (6ms)


Started GET "/assets/jquery_ujs.js?body=1" for 127.0.0.1 at 2012-08-13 18:10:20 -0700
Served asset /jquery_ujs.js - 304 Not Modified (35ms)


Started GET "/assets/twitter/bootstrap/bootstrap-modal.js?body=1" for 127.0.0.1 at 2012-08-13 18:10:20 -0700
Served asset /twitter/bootstrap/bootstrap-modal.js - 304 Not Modified (0ms)


Started GET "/assets/twitter/bootstrap/bootstrap-dropdown.js?body=1" for 127.0.0.1 at 2012-08-13 18:10:20 -0700
Served asset /twitter/bootstrap/bootstrap-dropdown.js - 304 Not Modified (0ms)


Started GET "/assets/twitter/bootstrap/bootstrap-alert.js?body=1" for 127.0.0.1 at 2012-08-13 18:10:20 -0700
Served asset /twitter/bootstrap/bootstrap-alert.js - 304 Not Modified (0ms)


Started GET "/assets/twitter/bootstrap/bootstrap-scrollspy.js?body=1" for 127.0.0.1 at 2012-08-13 18:10:20 -0700
Served asset /twitter/bootstrap/bootstrap-scrollspy.js - 304 Not Modified (0ms)


Started GET "/assets/twitter/bootstrap/bootstrap-tab.js?body=1" for 127.0.0.1 at 2012-08-13 18:10:20 -0700
Served asset /twitter/bootstrap/bootstrap-tab.js - 304 Not Modified (0ms)


Started GET "/assets/twitter/bootstrap/bootstrap-tooltip.js?body=1" for 127.0.0.1 at 2012-08-13 18:10:20 -0700
Served asset /twitter/bootstrap/bootstrap-tooltip.js - 304 Not Modified (0ms)


Started GET "/assets/twitter/bootstrap/bootstrap-popover.js?body=1" for 127.0.0.1 at 2012-08-13 18:10:20 -0700
Served asset /twitter/bootstrap/bootstrap-popover.js - 304 Not Modified (0ms)


Started GET "/assets/twitter/bootstrap/bootstrap-button.js?body=1" for 127.0.0.1 at 2012-08-13 18:10:20 -0700
Served asset /twitter/bootstrap/bootstrap-button.js - 304 Not Modified (0ms)


Started GET "/assets/twitter/bootstrap/bootstrap-collapse.js?body=1" for 127.0.0.1 at 2012-08-13 18:10:20 -0700
Served asset /twitter/bootstrap/bootstrap-collapse.js - 304 Not Modified (0ms)


Started GET "/assets/twitter/bootstrap/bootstrap-carousel.js?body=1" for 127.0.0.1 at 2012-08-13 18:10:20 -0700
Served asset /twitter/bootstrap/bootstrap-carousel.js - 304 Not Modified (0ms)


Started GET "/assets/twitter/bootstrap/bootstrap-typeahead.js?body=1" for 127.0.0.1 at 2012-08-13 18:10:20 -0700
Served asset /twitter/bootstrap/bootstrap-typeahead.js - 304 Not Modified (0ms)


Started GET "/assets/twitter/bootstrap.js?body=1" for 127.0.0.1 at 2012-08-13 18:10:20 -0700
Served asset /twitter/bootstrap.js - 304 Not Modified (0ms)


Started GET "/assets/bootstrap.js?body=1" for 127.0.0.1 at 2012-08-13 18:10:20 -0700
Served asset /bootstrap.js - 304 Not Modified (0ms)


Started GET "/assets/problems.js?body=1" for 127.0.0.1 at 2012-08-13 18:10:20 -0700
Served asset /problems.js - 304 Not Modified (0ms)


Started GET "/assets/application.js?body=1" for 127.0.0.1 at 2012-08-13 18:10:20 -0700
Served asset /application.js - 304 Not Modified (1ms)


Started GET "/problems/sign_out" for 127.0.0.1 at 2012-08-13 18:10:32 -0700

ActionController::RoutingError (No route matches [GET] "/problems/sign_out"):
  actionpack (3.2.6) lib/action_dispatch/middleware/debug_exceptions.rb:21:in `call'
  actionpack (3.2.6) lib/action_dispatch/middleware/show_exceptions.rb:56:in `call'
  railties (3.2.6) lib/rails/rack/logger.rb:26:in `call_app'
  railties (3.2.6) lib/rails/rack/logger.rb:16:in `call'
  actionpack (3.2.6) lib/action_dispatch/middleware/request_id.rb:22:in `call'
  rack (1.4.1) lib/rack/methodoverride.rb:21:in `call'
  rack (1.4.1) lib/rack/runtime.rb:17:in `call'
  activesupport (3.2.6) lib/active_support/cache/strategy/local_cache.rb:72:in `call'
  rack (1.4.1) lib/rack/lock.rb:15:in `call'
  actionpack (3.2.6) lib/action_dispatch/middleware/static.rb:62:in `call'
  railties (3.2.6) lib/rails/engine.rb:479:in `call'
  railties (3.2.6) lib/rails/application.rb:220:in `call'
  rack (1.4.1) lib/rack/content_length.rb:14:in `call'
  railties (3.2.6) lib/rails/rack/log_tailer.rb:17:in `call'
  rack (1.4.1) lib/rack/handler/webrick.rb:59:in `service'
  /Users/apprentice/.rvm/rubies/ruby-1.9.3-p194/lib/ruby/1.9.1/webrick/httpserver.rb:138:in `service'
  /Users/apprentice/.rvm/rubies/ruby-1.9.3-p194/lib/ruby/1.9.1/webrick/httpserver.rb:94:in `run'
  /Users/apprentice/.rvm/rubies/ruby-1.9.3-p194/lib/ruby/1.9.1/webrick/server.rb:191:in `block in start_thread'


  Rendered /Users/apprentice/.rvm/gems/ruby-1.9.3-p194@rankforme/gems/actionpack-3.2.6/lib/action_dispatch/middleware/templates/rescues/routing_error.erb within rescues/layout (0.7ms)


Started GET "/problems/sign_in" for 127.0.0.1 at 2012-08-13 18:10:41 -0700
Processing by Devise::SessionsController#new as HTML
  [1m[35mProblem Load (0.5ms)[0m  SELECT "problems".* FROM "problems" WHERE "problems"."id" = 1 LIMIT 1
Redirected to http://localhost:3000/
Filter chain halted as :require_no_authentication rendered or redirected
Completed 302 Found in 2ms (ActiveRecord: 0.5ms)


Started GET "/" for 127.0.0.1 at 2012-08-13 18:10:41 -0700
Processing by ProblemsController#index as HTML
  Rendered problems/index.html.erb within layouts/application (0.0ms)
Completed 200 OK in 51ms (Views: 51.0ms | ActiveRecord: 0.0ms)


Started GET "/assets/application.css?body=1" for 127.0.0.1 at 2012-08-13 18:10:41 -0700
Served asset /application.css - 304 Not Modified (0ms)


Started GET "/assets/bootstrap_and_overrides.css?body=1" for 127.0.0.1 at 2012-08-13 18:10:41 -0700
Served asset /bootstrap_and_overrides.css - 304 Not Modified (0ms)


Started GET "/assets/problems.css?body=1" for 127.0.0.1 at 2012-08-13 18:10:41 -0700
Served asset /problems.css - 304 Not Modified (0ms)


Started GET "/assets/jquery.js?body=1" for 127.0.0.1 at 2012-08-13 18:10:41 -0700
Served asset /jquery.js - 304 Not Modified (0ms)


Started GET "/assets/twitter/bootstrap/bootstrap-transition.js?body=1" for 127.0.0.1 at 2012-08-13 18:10:41 -0700
Served asset /twitter/bootstrap/bootstrap-transition.js - 304 Not Modified (0ms)


Started GET "/assets/twitter/bootstrap/bootstrap-alert.js?body=1" for 127.0.0.1 at 2012-08-13 18:10:41 -0700
Served asset /twitter/bootstrap/bootstrap-alert.js - 304 Not Modified (0ms)


Started GET "/assets/twitter/bootstrap/bootstrap-modal.js?body=1" for 127.0.0.1 at 2012-08-13 18:10:41 -0700
Served asset /twitter/bootstrap/bootstrap-modal.js - 304 Not Modified (0ms)


Started GET "/assets/twitter/bootstrap/bootstrap-dropdown.js?body=1" for 127.0.0.1 at 2012-08-13 18:10:41 -0700
Served asset /twitter/bootstrap/bootstrap-dropdown.js - 304 Not Modified (0ms)


Started GET "/assets/twitter/bootstrap/bootstrap-scrollspy.js?body=1" for 127.0.0.1 at 2012-08-13 18:10:41 -0700
Served asset /twitter/bootstrap/bootstrap-scrollspy.js - 304 Not Modified (0ms)


Started GET "/assets/twitter/bootstrap/bootstrap-tab.js?body=1" for 127.0.0.1 at 2012-08-13 18:10:41 -0700
Served asset /twitter/bootstrap/bootstrap-tab.js - 304 Not Modified (0ms)


Started GET "/assets/twitter/bootstrap/bootstrap-tooltip.js?body=1" for 127.0.0.1 at 2012-08-13 18:10:41 -0700
Served asset /twitter/bootstrap/bootstrap-tooltip.js - 304 Not Modified (0ms)


Started GET "/assets/twitter/bootstrap/bootstrap-collapse.js?body=1" for 127.0.0.1 at 2012-08-13 18:10:41 -0700
Served asset /twitter/bootstrap/bootstrap-collapse.js - 304 Not Modified (0ms)


Started GET "/assets/twitter/bootstrap/bootstrap-popover.js?body=1" for 127.0.0.1 at 2012-08-13 18:10:41 -0700
Served asset /twitter/bootstrap/bootstrap-popover.js - 304 Not Modified (0ms)


Started GET "/assets/twitter/bootstrap/bootstrap-button.js?body=1" for 127.0.0.1 at 2012-08-13 18:10:41 -0700
Served asset /twitter/bootstrap/bootstrap-button.js - 304 Not Modified (0ms)


Started GET "/assets/twitter/bootstrap/bootstrap-carousel.js?body=1" for 127.0.0.1 at 2012-08-13 18:10:41 -0700
Served asset /twitter/bootstrap/bootstrap-carousel.js - 304 Not Modified (0ms)


Started GET "/assets/twitter/bootstrap.js?body=1" for 127.0.0.1 at 2012-08-13 18:10:41 -0700
Served asset /twitter/bootstrap.js - 304 Not Modified (0ms)


Started GET "/assets/twitter/bootstrap/bootstrap-typeahead.js?body=1" for 127.0.0.1 at 2012-08-13 18:10:41 -0700
Served asset /twitter/bootstrap/bootstrap-typeahead.js - 304 Not Modified (0ms)


Started GET "/assets/bootstrap.js?body=1" for 127.0.0.1 at 2012-08-13 18:10:41 -0700
Served asset /bootstrap.js - 304 Not Modified (0ms)


Started GET "/assets/problems.js?body=1" for 127.0.0.1 at 2012-08-13 18:10:41 -0700
Served asset /problems.js - 304 Not Modified (0ms)


Started GET "/assets/application.js?body=1" for 127.0.0.1 at 2012-08-13 18:10:41 -0700
Served asset /application.js - 304 Not Modified (0ms)
Connecting to database specified by database.yml
